# JRE version: OpenJDK Runtime Environment (17.0.6) (build 17.0.6+0-b2043.56-10027231)
# Java VM: OpenJDK 64-Bit Server VM (17.0.6+0-b2043.56-10027231, mixed mode, tiered, compressed oops, compressed class ptrs, g1 gc, windows-amd64)
GC Precious Log:
 CPUs: 8 total, 8 available
 Memory: 16179M
 Large Page Support: Disabled
 NUMA Support: Disabled
 Compressed Oops: Enabled (32-bit)
 Heap Region Size: 1M
 Heap Min Capacity: 8M
 Heap Initial Capacity: 254M
 Heap Max Capacity: 2G
 Pre-touch: Disabled
 Parallel Workers: 8
 Concurrent Workers: 2
 Concurrent Refinement Workers: 8
 Periodic GC: Disabled
Heap:
 garbage-first heap   total 384000K, used 150936K [0x0000000080000000, 0x0000000100000000)
  region size 1024K, 7 young (7168K), 7 survivors (7168K)
 Metaspace       used 156506K, committed 157248K, reserved 1187840K
  class space    used 20434K, committed 20800K, reserved 1048576K
GC Heap History (20 events):
Event: 7.030 GC heap after
{Heap after GC invocations=34 (full 0):
 garbage-first heap   total 280576K, used 81534K [0x0000000080000000, 0x0000000100000000)
  region size 1024K, 1 young (1024K), 1 survivors (1024K)
 Metaspace       used 93407K, committed 94016K, reserved 1130496K
  class space    used 12751K, committed 12992K, reserved 1048576K
}
Event: 8.008 GC heap before
{Heap before GC invocations=34 (full 0):
 garbage-first heap   total 280576K, used 209534K [0x0000000080000000, 0x0000000100000000)
  region size 1024K, 120 young (122880K), 1 survivors (1024K)
 Metaspace       used 106481K, committed 107072K, reserved 1146880K
  class space    used 14146K, committed 14400K, reserved 1048576K
}
Event: 8.015 GC heap after
{Heap after GC invocations=35 (full 0):
 garbage-first heap   total 280576K, used 100678K [0x0000000080000000, 0x0000000100000000)
  region size 1024K, 14 young (14336K), 14 survivors (14336K)
 Metaspace       used 106481K, committed 107072K, reserved 1146880K
  class space    used 14146K, committed 14400K, reserved 1048576K
}
Event: 8.811 GC heap before
{Heap before GC invocations=35 (full 0):
 garbage-first heap   total 280576K, used 208198K [0x0000000080000000, 0x0000000100000000)
  region size 1024K, 118 young (120832K), 14 survivors (14336K)
 Metaspace       used 114189K, committed 114816K, reserved 1155072K
  class space    used 15068K, committed 15360K, reserved 1048576K
}
Event: 8.819 GC heap after
{Heap after GC invocations=36 (full 0):
 garbage-first heap   total 280576K, used 108593K [0x0000000080000000, 0x0000000100000000)
  region size 1024K, 8 young (8192K), 8 survivors (8192K)
 Metaspace       used 114189K, committed 114816K, reserved 1155072K
  class space    used 15068K, committed 15360K, reserved 1048576K
}
Event: 9.817 GC heap before
{Heap before GC invocations=36 (full 0):
 garbage-first heap   total 280576K, used 214065K [0x0000000080000000, 0x0000000100000000)
  region size 1024K, 111 young (113664K), 8 survivors (8192K)
 Metaspace       used 124376K, committed 124992K, reserved 1163264K
  class space    used 16213K, committed 16512K, reserved 1048576K
}
Event: 9.823 GC heap after
{Heap after GC invocations=37 (full 0):
 garbage-first heap   total 280576K, used 117162K [0x0000000080000000, 0x0000000100000000)
  region size 1024K, 9 young (9216K), 9 survivors (9216K)
 Metaspace       used 124376K, committed 124992K, reserved 1163264K
  class space    used 16213K, committed 16512K, reserved 1048576K
}
Event: 10.909 GC heap before
{Heap before GC invocations=37 (full 0):
 garbage-first heap   total 280576K, used 219562K [0x0000000080000000, 0x0000000100000000)
  region size 1024K, 109 young (111616K), 9 survivors (9216K)
 Metaspace       used 139523K, committed 140160K, reserved 1171456K
  class space    used 18042K, committed 18368K, reserved 1048576K
}
Event: 10.914 GC heap after
{Heap after GC invocations=38 (full 0):
 garbage-first heap   total 280576K, used 121148K [0x0000000080000000, 0x0000000100000000)
  region size 1024K, 4 young (4096K), 4 survivors (4096K)
 Metaspace       used 139523K, committed 140160K, reserved 1171456K
  class space    used 18042K, committed 18368K, reserved 1048576K
}
Event: 11.992 GC heap before
{Heap before GC invocations=38 (full 0):
 garbage-first heap   total 280576K, used 225596K [0x0000000080000000, 0x0000000100000000)
  region size 1024K, 106 young (108544K), 4 survivors (4096K)
 Metaspace       used 150173K, committed 150848K, reserved 1187840K
  class space    used 19692K, committed 20032K, reserved 1048576K
}
Event: 11.998 GC heap after
{Heap after GC invocations=39 (full 0):
 garbage-first heap   total 280576K, used 122433K [0x0000000080000000, 0x0000000100000000)
  region size 1024K, 12 young (12288K), 12 survivors (12288K)
 Metaspace       used 150173K, committed 150848K, reserved 1187840K
  class space    used 19692K, committed 20032K, reserved 1048576K
}
Event: 13.191 GC heap before
{Heap before GC invocations=39 (full 0):
 garbage-first heap   total 280576K, used 218689K [0x0000000080000000, 0x0000000100000000)
  region size 1024K, 107 young (109568K), 12 survivors (12288K)
 Metaspace       used 155699K, committed 156480K, reserved 1187840K
  class space    used 20355K, committed 20736K, reserved 1048576K
}
Event: 13.202 GC heap after
{Heap after GC invocations=40 (full 0):
 garbage-first heap   total 280576K, used 136936K [0x0000000080000000, 0x0000000100000000)
  region size 1024K, 15 young (15360K), 15 survivors (15360K)
 Metaspace       used 155699K, committed 156480K, reserved 1187840K
  class space    used 20355K, committed 20736K, reserved 1048576K
}
Event: 13.390 GC heap before
{Heap before GC invocations=41 (full 0):
 garbage-first heap   total 285696K, used 228072K [0x0000000080000000, 0x0000000100000000)
  region size 1024K, 100 young (102400K), 15 survivors (15360K)
 Metaspace       used 156354K, committed 157184K, reserved 1187840K
  class space    used 20424K, committed 20800K, reserved 1048576K
}
Event: 13.399 GC heap after
{Heap after GC invocations=42 (full 0):
 garbage-first heap   total 285696K, used 146859K [0x0000000080000000, 0x0000000100000000)
  region size 1024K, 10 young (10240K), 10 survivors (10240K)
 Metaspace       used 156354K, committed 157184K, reserved 1187840K
  class space    used 20424K, committed 20800K, reserved 1048576K
}
Event: 13.404 GC heap before
{Heap before GC invocations=42 (full 0):
 garbage-first heap   total 285696K, used 149931K [0x0000000080000000, 0x0000000100000000)
  region size 1024K, 13 young (13312K), 10 survivors (10240K)
 Metaspace       used 156358K, committed 157184K, reserved 1187840K
  class space    used 20424K, committed 20800K, reserved 1048576K
}
Event: 13.407 GC heap after
{Heap after GC invocations=43 (full 0):
 garbage-first heap   total 285696K, used 147079K [0x0000000080000000, 0x0000000100000000)
  region size 1024K, 2 young (2048K), 2 survivors (2048K)
 Metaspace       used 156358K, committed 157184K, reserved 1187840K
  class space    used 20424K, committed 20800K, reserved 1048576K
}
Event: 13.525 GC heap before
{Heap before GC invocations=43 (full 0):
 garbage-first heap   total 285696K, used 232071K [0x0000000080000000, 0x0000000100000000)
  region size 1024K, 84 young (86016K), 2 survivors (2048K)
 Metaspace       used 156490K, committed 157248K, reserved 1187840K
  class space    used 20436K, committed 20800K, reserved 1048576K
}
Event: 13.528 GC heap after
{Heap after GC invocations=44 (full 0):
 garbage-first heap   total 285696K, used 148391K [0x0000000080000000, 0x0000000100000000)
  region size 1024K, 3 young (3072K), 3 survivors (3072K)
 Metaspace       used 156490K, committed 157248K, reserved 1187840K
  class space    used 20436K, committed 20800K, reserved 1048576K
}
Event: 13.680 GC heap before
{Heap before GC invocations=44 (full 0):
 garbage-first heap   total 384000K, used 233383K [0x0000000080000000, 0x0000000100000000)
  region size 1024K, 87 young (89088K), 3 survivors (3072K)
 Metaspace       used 156506K, committed 157248K, reserved 1187840K
  class space    used 20434K, committed 20800K, reserved 1048576K
}

