# JRE version: OpenJDK Runtime Environment (17.0.6) (build 17.0.6+0-b2043.56-10027231)
# Java VM: OpenJDK 64-Bit Server VM (17.0.6+0-b2043.56-10027231, mixed mode, tiered, compressed oops, compressed class ptrs, g1 gc, windows-amd64)
GC Precious Log:
 CPUs: 8 total, 8 available
 Memory: 16179M
 Large Page Support: Disabled
 NUMA Support: Disabled
 Compressed Oops: Enabled (32-bit)
 Heap Region Size: 1M
 Heap Min Capacity: 8M
 Heap Initial Capacity: 254M
 Heap Max Capacity: 2G
 Pre-touch: Disabled
 Parallel Workers: 8
 Concurrent Workers: 2
 Concurrent Refinement Workers: 8
 Periodic GC: Disabled
Heap:
 garbage-first heap   total 403456K, used 180686K [0x0000000080000000, 0x0000000100000000)
  region size 1024K, 4 young (4096K), 4 survivors (4096K)
 Metaspace       used 113686K, committed 114432K, reserved 1146880K
  class space    used 15789K, committed 16128K, reserved 1048576K
GC Heap History (20 events):
Event: 6.703 GC heap after
{Heap after GC invocations=25 (full 0):
 garbage-first heap   total 156672K, used 78225K [0x0000000080000000, 0x0000000100000000)
  region size 1024K, 7 young (7168K), 7 survivors (7168K)
 Metaspace       used 92193K, committed 92800K, reserved 1130496K
  class space    used 12446K, committed 12736K, reserved 1048576K
}
Event: 7.021 GC heap before
{Heap before GC invocations=25 (full 0):
 garbage-first heap   total 156672K, used 124305K [0x0000000080000000, 0x0000000100000000)
  region size 1024K, 52 young (53248K), 7 survivors (7168K)
 Metaspace       used 94091K, committed 94784K, reserved 1138688K
  class space    used 12769K, committed 13120K, reserved 1048576K
}
Event: 7.027 GC heap after
{Heap after GC invocations=26 (full 0):
 garbage-first heap   total 156672K, used 85671K [0x0000000080000000, 0x0000000100000000)
  region size 1024K, 7 young (7168K), 7 survivors (7168K)
 Metaspace       used 94091K, committed 94784K, reserved 1138688K
  class space    used 12769K, committed 13120K, reserved 1048576K
}
Event: 7.155 GC heap before
{Heap before GC invocations=27 (full 0):
 garbage-first heap   total 174080K, used 124583K [0x0000000080000000, 0x0000000100000000)
  region size 1024K, 45 young (46080K), 7 survivors (7168K)
 Metaspace       used 94188K, committed 94912K, reserved 1138688K
  class space    used 12773K, committed 13120K, reserved 1048576K
}
Event: 7.159 GC heap after
{Heap after GC invocations=28 (full 0):
 garbage-first heap   total 174080K, used 87897K [0x0000000080000000, 0x0000000100000000)
  region size 1024K, 4 young (4096K), 4 survivors (4096K)
 Metaspace       used 94188K, committed 94912K, reserved 1138688K
  class space    used 12773K, committed 13120K, reserved 1048576K
}
Event: 7.169 GC heap before
{Heap before GC invocations=28 (full 0):
 garbage-first heap   total 174080K, used 90969K [0x0000000080000000, 0x0000000100000000)
  region size 1024K, 8 young (8192K), 4 survivors (4096K)
 Metaspace       used 94202K, committed 94912K, reserved 1138688K
  class space    used 12773K, committed 13120K, reserved 1048576K
}
Event: 7.172 GC heap after
{Heap after GC invocations=29 (full 0):
 garbage-first heap   total 174080K, used 86648K [0x0000000080000000, 0x0000000100000000)
  region size 1024K, 1 young (1024K), 1 survivors (1024K)
 Metaspace       used 94202K, committed 94912K, reserved 1138688K
  class space    used 12773K, committed 13120K, reserved 1048576K
}
Event: 7.388 GC heap before
{Heap before GC invocations=29 (full 0):
 garbage-first heap   total 174080K, used 137848K [0x0000000080000000, 0x0000000100000000)
  region size 1024K, 52 young (53248K), 1 survivors (1024K)
 Metaspace       used 94666K, committed 95360K, reserved 1138688K
  class space    used 12810K, committed 13120K, reserved 1048576K
}
Event: 7.392 GC heap after
{Heap after GC invocations=30 (full 0):
 garbage-first heap   total 403456K, used 90988K [0x0000000080000000, 0x0000000100000000)
  region size 1024K, 6 young (6144K), 6 survivors (6144K)
 Metaspace       used 94666K, committed 95360K, reserved 1138688K
  class space    used 12810K, committed 13120K, reserved 1048576K
}
Event: 8.138 GC heap before
{Heap before GC invocations=31 (full 0):
 garbage-first heap   total 365568K, used 311148K [0x0000000080000000, 0x0000000100000000)
  region size 1024K, 220 young (225280K), 6 survivors (6144K)
 Metaspace       used 99308K, committed 99968K, reserved 1138688K
  class space    used 13446K, committed 13760K, reserved 1048576K
}
Event: 8.147 GC heap after
{Heap after GC invocations=32 (full 0):
 garbage-first heap   total 365568K, used 114021K [0x0000000080000000, 0x0000000100000000)
  region size 1024K, 27 young (27648K), 27 survivors (27648K)
 Metaspace       used 99308K, committed 99968K, reserved 1138688K
  class space    used 13446K, committed 13760K, reserved 1048576K
}
Event: 8.150 GC heap before
{Heap before GC invocations=32 (full 0):
 garbage-first heap   total 365568K, used 114021K [0x0000000080000000, 0x0000000100000000)
  region size 1024K, 28 young (28672K), 27 survivors (27648K)
 Metaspace       used 99324K, committed 99968K, reserved 1138688K
  class space    used 13450K, committed 13760K, reserved 1048576K
}
Event: 8.157 GC heap after
{Heap after GC invocations=33 (full 0):
 garbage-first heap   total 365568K, used 113351K [0x0000000080000000, 0x0000000100000000)
  region size 1024K, 3 young (3072K), 3 survivors (3072K)
 Metaspace       used 99324K, committed 99968K, reserved 1138688K
  class space    used 13450K, committed 13760K, reserved 1048576K
}
Event: 8.550 GC heap before
{Heap before GC invocations=33 (full 0):
 garbage-first heap   total 365568K, used 273095K [0x0000000080000000, 0x0000000100000000)
  region size 1024K, 159 young (162816K), 3 survivors (3072K)
 Metaspace       used 106289K, committed 107072K, reserved 1146880K
  class space    used 14526K, committed 14912K, reserved 1048576K
}
Event: 8.568 GC heap after
{Heap after GC invocations=34 (full 0):
 garbage-first heap   total 365568K, used 139590K [0x0000000080000000, 0x0000000100000000)
  region size 1024K, 20 young (20480K), 20 survivors (20480K)
 Metaspace       used 106289K, committed 107072K, reserved 1146880K
  class space    used 14526K, committed 14912K, reserved 1048576K
}
Event: 8.790 GC heap before
{Heap before GC invocations=34 (full 0):
 garbage-first heap   total 365568K, used 274758K [0x0000000080000000, 0x0000000100000000)
  region size 1024K, 153 young (156672K), 20 survivors (20480K)
 Metaspace       used 109340K, committed 110080K, reserved 1146880K
  class space    used 15110K, committed 15488K, reserved 1048576K
}
Event: 8.813 GC heap after
{Heap after GC invocations=35 (full 0):
 garbage-first heap   total 365568K, used 159744K [0x0000000080000000, 0x0000000100000000)
  region size 1024K, 20 young (20480K), 20 survivors (20480K)
 Metaspace       used 109340K, committed 110080K, reserved 1146880K
  class space    used 15110K, committed 15488K, reserved 1048576K
}
Event: 9.029 GC heap before
{Heap before GC invocations=35 (full 0):
 garbage-first heap   total 365568K, used 281600K [0x0000000080000000, 0x0000000100000000)
  region size 1024K, 139 young (142336K), 20 survivors (20480K)
 Metaspace       used 111868K, committed 112640K, reserved 1146880K
  class space    used 15543K, committed 15936K, reserved 1048576K
}
Event: 9.048 GC heap after
{Heap after GC invocations=36 (full 0):
 garbage-first heap   total 365568K, used 177412K [0x0000000080000000, 0x0000000100000000)
  region size 1024K, 17 young (17408K), 17 survivors (17408K)
 Metaspace       used 111868K, committed 112640K, reserved 1146880K
  class space    used 15543K, committed 15936K, reserved 1048576K
}
Event: 9.313 GC heap before
{Heap before GC invocations=36 (full 0):
 garbage-first heap   total 365568K, used 288004K [0x0000000080000000, 0x0000000100000000)
  region size 1024K, 125 young (128000K), 17 survivors (17408K)
 Metaspace       used 113686K, committed 114432K, reserved 1146880K
  class space    used 15789K, committed 16128K, reserved 1048576K
}

