# JRE version: OpenJDK Runtime Environment (17.0.6) (build 17.0.6+0-b2043.56-10027231)
# Java VM: OpenJDK 64-Bit Server VM (17.0.6+0-b2043.56-10027231, mixed mode, tiered, compressed oops, compressed class ptrs, g1 gc, windows-amd64)
GC Precious Log:
 CPUs: 8 total, 8 available
 Memory: 16179M
 Large Page Support: Disabled
 NUMA Support: Disabled
 Compressed Oops: Enabled (32-bit)
 Heap Region Size: 1M
 Heap Min Capacity: 8M
 Heap Initial Capacity: 254M
 Heap Max Capacity: 2G
 Pre-touch: Disabled
 Parallel Workers: 8
 Concurrent Workers: 2
 Concurrent Refinement Workers: 8
 Periodic GC: Disabled
Heap:
 garbage-first heap   total 82944K, used 49603K [0x0000000080000000, 0x0000000100000000)
  region size 1024K, 23 young (23552K), 3 survivors (3072K)
 Metaspace       used 44767K, committed 45184K, reserved 1089536K
  class space    used 5822K, committed 6016K, reserved 1048576K
GC Heap History (18 events):
Event: 0.557 GC heap before
{Heap before GC invocations=0 (full 0):
 garbage-first heap   total 260096K, used 26624K [0x0000000080000000, 0x0000000100000000)
  region size 1024K, 23 young (23552K), 0 survivors (0K)
 Metaspace       used 10251K, committed 10432K, reserved 1064960K
  class space    used 1058K, committed 1152K, reserved 1048576K
}
Event: 0.560 GC heap after
{Heap after GC invocations=1 (full 0):
 garbage-first heap   total 260096K, used 10443K [0x0000000080000000, 0x0000000100000000)
  region size 1024K, 3 young (3072K), 3 survivors (3072K)
 Metaspace       used 10251K, committed 10432K, reserved 1064960K
  class space    used 1058K, committed 1152K, reserved 1048576K
}
Event: 0.815 GC heap before
{Heap before GC invocations=1 (full 0):
 garbage-first heap   total 260096K, used 41163K [0x0000000080000000, 0x0000000100000000)
  region size 1024K, 32 young (32768K), 3 survivors (3072K)
 Metaspace       used 11201K, committed 11456K, reserved 1064960K
  class space    used 1162K, committed 1280K, reserved 1048576K
}
Event: 0.820 GC heap after
{Heap after GC invocations=2 (full 0):
 garbage-first heap   total 260096K, used 14902K [0x0000000080000000, 0x0000000100000000)
  region size 1024K, 4 young (4096K), 4 survivors (4096K)
 Metaspace       used 11201K, committed 11456K, reserved 1064960K
  class space    used 1162K, committed 1280K, reserved 1048576K
}
Event: 1.615 GC heap before
{Heap before GC invocations=2 (full 0):
 garbage-first heap   total 260096K, used 51766K [0x0000000080000000, 0x0000000100000000)
  region size 1024K, 41 young (41984K), 4 survivors (4096K)
 Metaspace       used 21322K, committed 21504K, reserved 1073152K
  class space    used 2604K, committed 2688K, reserved 1048576K
}
Event: 1.621 GC heap after
{Heap after GC invocations=3 (full 0):
 garbage-first heap   total 260096K, used 18468K [0x0000000080000000, 0x0000000100000000)
  region size 1024K, 8 young (8192K), 8 survivors (8192K)
 Metaspace       used 21322K, committed 21504K, reserved 1073152K
  class space    used 2604K, committed 2688K, reserved 1048576K
}
Event: 2.100 GC heap before
{Heap before GC invocations=4 (full 0):
 garbage-first heap   total 68608K, used 51236K [0x0000000080000000, 0x0000000100000000)
  region size 1024K, 40 young (40960K), 8 survivors (8192K)
 Metaspace       used 26277K, committed 26560K, reserved 1073152K
  class space    used 3463K, committed 3584K, reserved 1048576K
}
Event: 2.106 GC heap after
{Heap after GC invocations=5 (full 0):
 garbage-first heap   total 68608K, used 20987K [0x0000000080000000, 0x0000000100000000)
  region size 1024K, 3 young (3072K), 3 survivors (3072K)
 Metaspace       used 26277K, committed 26560K, reserved 1073152K
  class space    used 3463K, committed 3584K, reserved 1048576K
}
Event: 2.389 GC heap before
{Heap before GC invocations=5 (full 0):
 garbage-first heap   total 68608K, used 45563K [0x0000000080000000, 0x0000000100000000)
  region size 1024K, 28 young (28672K), 3 survivors (3072K)
 Metaspace       used 30326K, committed 30592K, reserved 1081344K
  class space    used 4118K, committed 4224K, reserved 1048576K
}
Event: 2.392 GC heap after
{Heap after GC invocations=6 (full 0):
 garbage-first heap   total 68608K, used 22185K [0x0000000080000000, 0x0000000100000000)
  region size 1024K, 4 young (4096K), 4 survivors (4096K)
 Metaspace       used 30326K, committed 30592K, reserved 1081344K
  class space    used 4118K, committed 4224K, reserved 1048576K
}
Event: 2.690 GC heap before
{Heap before GC invocations=6 (full 0):
 garbage-first heap   total 68608K, used 48809K [0x0000000080000000, 0x0000000100000000)
  region size 1024K, 30 young (30720K), 4 survivors (4096K)
 Metaspace       used 34825K, committed 35136K, reserved 1081344K
  class space    used 4830K, committed 4992K, reserved 1048576K
}
Event: 2.694 GC heap after
{Heap after GC invocations=7 (full 0):
 garbage-first heap   total 68608K, used 23994K [0x0000000080000000, 0x0000000100000000)
  region size 1024K, 4 young (4096K), 4 survivors (4096K)
 Metaspace       used 34825K, committed 35136K, reserved 1081344K
  class space    used 4830K, committed 4992K, reserved 1048576K
}
Event: 2.739 GC heap before
{Heap before GC invocations=7 (full 0):
 garbage-first heap   total 68608K, used 26042K [0x0000000080000000, 0x0000000100000000)
  region size 1024K, 8 young (8192K), 4 survivors (4096K)
 Metaspace       used 35620K, committed 35968K, reserved 1081344K
  class space    used 4878K, committed 5056K, reserved 1048576K
}
Event: 2.742 GC heap after
{Heap after GC invocations=8 (full 0):
 garbage-first heap   total 68608K, used 24513K [0x0000000080000000, 0x0000000100000000)
  region size 1024K, 3 young (3072K), 3 survivors (3072K)
 Metaspace       used 35620K, committed 35968K, reserved 1081344K
  class space    used 4878K, committed 5056K, reserved 1048576K
}
Event: 2.983 GC heap before
{Heap before GC invocations=9 (full 0):
 garbage-first heap   total 68608K, used 49089K [0x0000000080000000, 0x0000000100000000)
  region size 1024K, 28 young (28672K), 3 survivors (3072K)
 Metaspace       used 40381K, committed 40704K, reserved 1089536K
  class space    used 5357K, committed 5504K, reserved 1048576K
}
Event: 2.986 GC heap after
{Heap after GC invocations=10 (full 0):
 garbage-first heap   total 68608K, used 28686K [0x0000000080000000, 0x0000000100000000)
  region size 1024K, 4 young (4096K), 4 survivors (4096K)
 Metaspace       used 40381K, committed 40704K, reserved 1089536K
  class space    used 5357K, committed 5504K, reserved 1048576K
}
Event: 3.251 GC heap before
{Heap before GC invocations=10 (full 0):
 garbage-first heap   total 68608K, used 54286K [0x0000000080000000, 0x0000000100000000)
  region size 1024K, 26 young (26624K), 4 survivors (4096K)
 Metaspace       used 42969K, committed 43392K, reserved 1089536K
  class space    used 5640K, committed 5824K, reserved 1048576K
}
Event: 3.255 GC heap after
{Heap after GC invocations=11 (full 0):
 garbage-first heap   total 82944K, used 30147K [0x0000000080000000, 0x0000000100000000)
  region size 1024K, 3 young (3072K), 3 survivors (3072K)
 Metaspace       used 42969K, committed 43392K, reserved 1089536K
  class space    used 5640K, committed 5824K, reserved 1048576K
}

