# JRE version: OpenJDK Runtime Environment (17.0.6) (build 17.0.6+0-b2043.56-10027231)
# Java VM: OpenJDK 64-Bit Server VM (17.0.6+0-b2043.56-10027231, mixed mode, tiered, compressed oops, compressed class ptrs, g1 gc, windows-amd64)
GC Precious Log:
 CPUs: 8 total, 8 available
 Memory: 16179M
 Large Page Support: Disabled
 NUMA Support: Disabled
 Compressed Oops: Enabled (32-bit)
 Heap Region Size: 1M
 Heap Min Capacity: 8M
 Heap Initial Capacity: 254M
 Heap Max Capacity: 2G
 Pre-touch: Disabled
 Parallel Workers: 8
 Concurrent Workers: 2
 Concurrent Refinement Workers: 8
 Periodic GC: Disabled
Heap:
 garbage-first heap   total 358400K, used 203363K [0x0000000080000000, 0x0000000100000000)
  region size 1024K, 13 young (13312K), 13 survivors (13312K)
 Metaspace       used 125145K, committed 126016K, reserved 1163264K
  class space    used 16309K, committed 16768K, reserved 1048576K
GC Heap History (20 events):
Event: 11.948 GC heap after
{Heap after GC invocations=30 (full 0):
 garbage-first heap   total 155648K, used 90370K [0x0000000080000000, 0x0000000100000000)
  region size 1024K, 5 young (5120K), 5 survivors (5120K)
 Metaspace       used 99535K, committed 100224K, reserved 1138688K
  class space    used 13305K, committed 13632K, reserved 1048576K
}
Event: 12.098 GC heap before
{Heap before GC invocations=31 (full 0):
 garbage-first heap   total 176128K, used 124162K [0x0000000080000000, 0x0000000100000000)
  region size 1024K, 39 young (39936K), 5 survivors (5120K)
 Metaspace       used 99694K, committed 100416K, reserved 1138688K
  class space    used 13307K, committed 13632K, reserved 1048576K
}
Event: 12.101 GC heap after
{Heap after GC invocations=32 (full 0):
 garbage-first heap   total 176128K, used 91905K [0x0000000080000000, 0x0000000100000000)
  region size 1024K, 4 young (4096K), 4 survivors (4096K)
 Metaspace       used 99694K, committed 100416K, reserved 1138688K
  class space    used 13307K, committed 13632K, reserved 1048576K
}
Event: 12.112 GC heap before
{Heap before GC invocations=32 (full 0):
 garbage-first heap   total 176128K, used 94977K [0x0000000080000000, 0x0000000100000000)
  region size 1024K, 8 young (8192K), 4 survivors (4096K)
 Metaspace       used 99710K, committed 100416K, reserved 1138688K
  class space    used 13307K, committed 13632K, reserved 1048576K
}
Event: 12.116 GC heap after
{Heap after GC invocations=33 (full 0):
 garbage-first heap   total 358400K, used 90633K [0x0000000080000000, 0x0000000100000000)
  region size 1024K, 1 young (1024K), 1 survivors (1024K)
 Metaspace       used 99710K, committed 100416K, reserved 1138688K
  class space    used 13307K, committed 13632K, reserved 1048576K
}
Event: 14.080 GC heap before
{Heap before GC invocations=33 (full 0):
 garbage-first heap   total 358400K, used 310793K [0x0000000080000000, 0x0000000100000000)
  region size 1024K, 183 young (187392K), 1 survivors (1024K)
 Metaspace       used 106727K, committed 107520K, reserved 1146880K
  class space    used 14084K, committed 14464K, reserved 1048576K
}
Event: 14.095 GC heap after
{Heap after GC invocations=34 (full 0):
 garbage-first heap   total 358400K, used 125640K [0x0000000080000000, 0x0000000100000000)
  region size 1024K, 23 young (23552K), 23 survivors (23552K)
 Metaspace       used 106727K, committed 107520K, reserved 1146880K
  class space    used 14084K, committed 14464K, reserved 1048576K
}
Event: 14.528 GC heap before
{Heap before GC invocations=34 (full 0):
 garbage-first heap   total 358400K, used 238280K [0x0000000080000000, 0x0000000100000000)
  region size 1024K, 134 young (137216K), 23 survivors (23552K)
 Metaspace       used 110827K, committed 111552K, reserved 1146880K
  class space    used 14427K, committed 14784K, reserved 1048576K
}
Event: 14.542 GC heap after
{Heap after GC invocations=35 (full 0):
 garbage-first heap   total 358400K, used 139249K [0x0000000080000000, 0x0000000100000000)
  region size 1024K, 13 young (13312K), 13 survivors (13312K)
 Metaspace       used 110827K, committed 111552K, reserved 1146880K
  class space    used 14427K, committed 14784K, reserved 1048576K
}
Event: 15.429 GC heap before
{Heap before GC invocations=35 (full 0):
 garbage-first heap   total 358400K, used 254961K [0x0000000080000000, 0x0000000100000000)
  region size 1024K, 125 young (128000K), 13 survivors (13312K)
 Metaspace       used 112377K, committed 113152K, reserved 1155072K
  class space    used 14550K, committed 14912K, reserved 1048576K
}
Event: 15.432 GC heap after
{Heap after GC invocations=36 (full 0):
 garbage-first heap   total 358400K, used 132081K [0x0000000080000000, 0x0000000100000000)
  region size 1024K, 3 young (3072K), 3 survivors (3072K)
 Metaspace       used 112377K, committed 113152K, reserved 1155072K
  class space    used 14550K, committed 14912K, reserved 1048576K
}
Event: 17.135 GC heap before
{Heap before GC invocations=36 (full 0):
 garbage-first heap   total 358400K, used 264177K [0x0000000080000000, 0x0000000100000000)
  region size 1024K, 133 young (136192K), 3 survivors (3072K)
 Metaspace       used 115780K, committed 116480K, reserved 1155072K
  class space    used 14943K, committed 15296K, reserved 1048576K
}
Event: 17.142 GC heap after
{Heap after GC invocations=37 (full 0):
 garbage-first heap   total 358400K, used 140932K [0x0000000080000000, 0x0000000100000000)
  region size 1024K, 12 young (12288K), 12 survivors (12288K)
 Metaspace       used 115780K, committed 116480K, reserved 1155072K
  class space    used 14943K, committed 15296K, reserved 1048576K
}
Event: 17.552 GC heap before
{Heap before GC invocations=37 (full 0):
 garbage-first heap   total 358400K, used 269956K [0x0000000080000000, 0x0000000100000000)
  region size 1024K, 139 young (142336K), 12 survivors (12288K)
 Metaspace       used 117136K, committed 118016K, reserved 1155072K
  class space    used 15117K, committed 15552K, reserved 1048576K
}
Event: 17.561 GC heap after
{Heap after GC invocations=38 (full 0):
 garbage-first heap   total 358400K, used 149837K [0x0000000080000000, 0x0000000100000000)
  region size 1024K, 11 young (11264K), 11 survivors (11264K)
 Metaspace       used 117136K, committed 118016K, reserved 1155072K
  class space    used 15117K, committed 15552K, reserved 1048576K
}
Event: 17.758 GC heap before
{Heap before GC invocations=38 (full 0):
 garbage-first heap   total 358400K, used 277837K [0x0000000080000000, 0x0000000100000000)
  region size 1024K, 135 young (138240K), 11 survivors (11264K)
 Metaspace       used 119109K, committed 119936K, reserved 1155072K
  class space    used 15416K, committed 15808K, reserved 1048576K
}
Event: 17.766 GC heap after
{Heap after GC invocations=39 (full 0):
 garbage-first heap   total 358400K, used 179082K [0x0000000080000000, 0x0000000100000000)
  region size 1024K, 17 young (17408K), 17 survivors (17408K)
 Metaspace       used 119109K, committed 119936K, reserved 1155072K
  class space    used 15416K, committed 15808K, reserved 1048576K
}
Event: 17.999 GC heap before
{Heap before GC invocations=39 (full 0):
 garbage-first heap   total 358400K, used 277386K [0x0000000080000000, 0x0000000100000000)
  region size 1024K, 114 young (116736K), 17 survivors (17408K)
 Metaspace       used 122307K, committed 123200K, reserved 1163264K
  class space    used 15866K, committed 16320K, reserved 1048576K
}
Event: 18.011 GC heap after
{Heap after GC invocations=40 (full 0):
 garbage-first heap   total 358400K, used 190308K [0x0000000080000000, 0x0000000100000000)
  region size 1024K, 15 young (15360K), 15 survivors (15360K)
 Metaspace       used 122307K, committed 123200K, reserved 1163264K
  class space    used 15866K, committed 16320K, reserved 1048576K
}
Event: 18.172 GC heap before
{Heap before GC invocations=40 (full 0):
 garbage-first heap   total 358400K, used 281444K [0x0000000080000000, 0x0000000100000000)
  region size 1024K, 104 young (106496K), 15 survivors (15360K)
 Metaspace       used 125145K, committed 126016K, reserved 1163264K
  class space    used 16309K, committed 16768K, reserved 1048576K
}

