# JRE version: OpenJDK Runtime Environment (17.0.6) (build 17.0.6+0-b2043.56-10027231)
# Java VM: OpenJDK 64-Bit Server VM (17.0.6+0-b2043.56-10027231, mixed mode, tiered, compressed oops, compressed class ptrs, g1 gc, windows-amd64)
GC Precious Log:
 CPUs: 8 total, 8 available
 Memory: 16179M
 Large Page Support: Disabled
 NUMA Support: Disabled
 Compressed Oops: Enabled (32-bit)
 Heap Region Size: 1M
 Heap Min Capacity: 8M
 Heap Initial Capacity: 254M
 Heap Max Capacity: 2G
 Pre-touch: Disabled
 Parallel Workers: 8
 Concurrent Workers: 2
 Concurrent Refinement Workers: 8
 Periodic GC: Disabled
Heap:
 garbage-first heap   total 82944K, used 52649K [0x0000000080000000, 0x0000000100000000)
  region size 1024K, 12 young (12288K), 4 survivors (4096K)
 Metaspace       used 55579K, committed 56064K, reserved 1097728K
  class space    used 7419K, committed 7616K, reserved 1048576K
GC Heap History (20 events):
Event: 1.869 GC heap before
{Heap before GC invocations=4 (full 0):
 garbage-first heap   total 68608K, used 51339K [0x0000000080000000, 0x0000000100000000)
  region size 1024K, 40 young (40960K), 8 survivors (8192K)
 Metaspace       used 26504K, committed 26816K, reserved 1073152K
  class space    used 3499K, committed 3648K, reserved 1048576K
}
Event: 1.873 GC heap after
{Heap after GC invocations=5 (full 0):
 garbage-first heap   total 68608K, used 20493K [0x0000000080000000, 0x0000000100000000)
  region size 1024K, 3 young (3072K), 3 survivors (3072K)
 Metaspace       used 26504K, committed 26816K, reserved 1073152K
  class space    used 3499K, committed 3648K, reserved 1048576K
}
Event: 2.199 GC heap before
{Heap before GC invocations=5 (full 0):
 garbage-first heap   total 68608K, used 46093K [0x0000000080000000, 0x0000000100000000)
  region size 1024K, 28 young (28672K), 3 survivors (3072K)
 Metaspace       used 30488K, committed 30784K, reserved 1081344K
  class space    used 4144K, committed 4288K, reserved 1048576K
}
Event: 2.201 GC heap after
{Heap after GC invocations=6 (full 0):
 garbage-first heap   total 68608K, used 21816K [0x0000000080000000, 0x0000000100000000)
  region size 1024K, 4 young (4096K), 4 survivors (4096K)
 Metaspace       used 30488K, committed 30784K, reserved 1081344K
  class space    used 4144K, committed 4288K, reserved 1048576K
}
Event: 2.560 GC heap before
{Heap before GC invocations=6 (full 0):
 garbage-first heap   total 68608K, used 48440K [0x0000000080000000, 0x0000000100000000)
  region size 1024K, 30 young (30720K), 4 survivors (4096K)
 Metaspace       used 35139K, committed 35520K, reserved 1081344K
  class space    used 4851K, committed 5056K, reserved 1048576K
}
Event: 2.564 GC heap after
{Heap after GC invocations=7 (full 0):
 garbage-first heap   total 68608K, used 23662K [0x0000000080000000, 0x0000000100000000)
  region size 1024K, 4 young (4096K), 4 survivors (4096K)
 Metaspace       used 35139K, committed 35520K, reserved 1081344K
  class space    used 4851K, committed 5056K, reserved 1048576K
}
Event: 2.605 GC heap before
{Heap before GC invocations=7 (full 0):
 garbage-first heap   total 68608K, used 24686K [0x0000000080000000, 0x0000000100000000)
  region size 1024K, 7 young (7168K), 4 survivors (4096K)
 Metaspace       used 35638K, committed 35968K, reserved 1081344K
  class space    used 4875K, committed 5056K, reserved 1048576K
}
Event: 2.608 GC heap after
{Heap after GC invocations=8 (full 0):
 garbage-first heap   total 68608K, used 24073K [0x0000000080000000, 0x0000000100000000)
  region size 1024K, 3 young (3072K), 3 survivors (3072K)
 Metaspace       used 35638K, committed 35968K, reserved 1081344K
  class space    used 4875K, committed 5056K, reserved 1048576K
}
Event: 2.852 GC heap before
{Heap before GC invocations=9 (full 0):
 garbage-first heap   total 68608K, used 47625K [0x0000000080000000, 0x0000000100000000)
  region size 1024K, 27 young (27648K), 3 survivors (3072K)
 Metaspace       used 40368K, committed 40704K, reserved 1089536K
  class space    used 5355K, committed 5504K, reserved 1048576K
}
Event: 2.855 GC heap after
{Heap after GC invocations=10 (full 0):
 garbage-first heap   total 82944K, used 28073K [0x0000000080000000, 0x0000000100000000)
  region size 1024K, 4 young (4096K), 4 survivors (4096K)
 Metaspace       used 40368K, committed 40704K, reserved 1089536K
  class space    used 5355K, committed 5504K, reserved 1048576K
}
Event: 3.091 GC heap before
{Heap before GC invocations=10 (full 0):
 garbage-first heap   total 82944K, used 62889K [0x0000000080000000, 0x0000000100000000)
  region size 1024K, 35 young (35840K), 4 survivors (4096K)
 Metaspace       used 43137K, committed 43520K, reserved 1089536K
  class space    used 5665K, committed 5824K, reserved 1048576K
}
Event: 3.094 GC heap after
{Heap after GC invocations=11 (full 0):
 garbage-first heap   total 82944K, used 29547K [0x0000000080000000, 0x0000000100000000)
  region size 1024K, 3 young (3072K), 3 survivors (3072K)
 Metaspace       used 43137K, committed 43520K, reserved 1089536K
  class space    used 5665K, committed 5824K, reserved 1048576K
}
Event: 3.405 GC heap before
{Heap before GC invocations=11 (full 0):
 garbage-first heap   total 82944K, used 60267K [0x0000000080000000, 0x0000000100000000)
  region size 1024K, 33 young (33792K), 3 survivors (3072K)
 Metaspace       used 47129K, committed 47616K, reserved 1097728K
  class space    used 6214K, committed 6464K, reserved 1048576K
}
Event: 3.408 GC heap after
{Heap after GC invocations=12 (full 0):
 garbage-first heap   total 82944K, used 31857K [0x0000000080000000, 0x0000000100000000)
  region size 1024K, 5 young (5120K), 5 survivors (5120K)
 Metaspace       used 47129K, committed 47616K, reserved 1097728K
  class space    used 6214K, committed 6464K, reserved 1048576K
}
Event: 3.741 GC heap before
{Heap before GC invocations=12 (full 0):
 garbage-first heap   total 82944K, used 62577K [0x0000000080000000, 0x0000000100000000)
  region size 1024K, 35 young (35840K), 5 survivors (5120K)
 Metaspace       used 51401K, committed 51840K, reserved 1097728K
  class space    used 6886K, committed 7104K, reserved 1048576K
}
Event: 3.744 GC heap after
{Heap after GC invocations=13 (full 0):
 garbage-first heap   total 82944K, used 33363K [0x0000000080000000, 0x0000000100000000)
  region size 1024K, 4 young (4096K), 4 survivors (4096K)
 Metaspace       used 51401K, committed 51840K, reserved 1097728K
  class space    used 6886K, committed 7104K, reserved 1048576K
}
Event: 4.077 GC heap before
{Heap before GC invocations=13 (full 0):
 garbage-first heap   total 82944K, used 62035K [0x0000000080000000, 0x0000000100000000)
  region size 1024K, 33 young (33792K), 4 survivors (4096K)
 Metaspace       used 53022K, committed 53504K, reserved 1097728K
  class space    used 7083K, committed 7296K, reserved 1048576K
}
Event: 4.080 GC heap after
{Heap after GC invocations=14 (full 0):
 garbage-first heap   total 82944K, used 36887K [0x0000000080000000, 0x0000000100000000)
  region size 1024K, 5 young (5120K), 5 survivors (5120K)
 Metaspace       used 53022K, committed 53504K, reserved 1097728K
  class space    used 7083K, committed 7296K, reserved 1048576K
}
Event: 4.269 GC heap before
{Heap before GC invocations=14 (full 0):
 garbage-first heap   total 82944K, used 66583K [0x0000000080000000, 0x0000000100000000)
  region size 1024K, 31 young (31744K), 5 survivors (5120K)
 Metaspace       used 54572K, committed 55040K, reserved 1097728K
  class space    used 7273K, committed 7488K, reserved 1048576K
}
Event: 4.271 GC heap after
{Heap after GC invocations=15 (full 0):
 garbage-first heap   total 82944K, used 45481K [0x0000000080000000, 0x0000000100000000)
  region size 1024K, 4 young (4096K), 4 survivors (4096K)
 Metaspace       used 54572K, committed 55040K, reserved 1097728K
  class space    used 7273K, committed 7488K, reserved 1048576K
}

