# JRE version: OpenJDK Runtime Environment (17.0.6) (build 17.0.6+0-b2043.56-10027231)
# Java VM: OpenJDK 64-Bit Server VM (17.0.6+0-b2043.56-10027231, mixed mode, tiered, compressed oops, compressed class ptrs, g1 gc, windows-amd64)
GC Precious Log:
 CPUs: 8 total, 8 available
 Memory: 16179M
 Large Page Support: Disabled
 NUMA Support: Disabled
 Compressed Oops: Enabled (32-bit)
 Heap Region Size: 1M
 Heap Min Capacity: 8M
 Heap Initial Capacity: 254M
 Heap Max Capacity: 2G
 Pre-touch: Disabled
 Parallel Workers: 8
 Concurrent Workers: 2
 Concurrent Refinement Workers: 8
 Periodic GC: Disabled
Heap:
 garbage-first heap   total 260096K, used 98965K [0x0000000080000000, 0x0000000100000000)
  region size 1024K, 1 young (1024K), 1 survivors (1024K)
 Metaspace       used 97475K, committed 98112K, reserved 1138688K
  class space    used 13146K, committed 13440K, reserved 1048576K
GC Heap History (20 events):
Event: 7.437 GC heap after
{Heap after GC invocations=30 (full 0):
 garbage-first heap   total 150528K, used 69479K [0x0000000080000000, 0x0000000100000000)
  region size 1024K, 8 young (8192K), 8 survivors (8192K)
 Metaspace       used 89949K, committed 90560K, reserved 1130496K
  class space    used 12226K, committed 12544K, reserved 1048576K
}
Event: 7.688 GC heap before
{Heap before GC invocations=30 (full 0):
 garbage-first heap   total 150528K, used 117607K [0x0000000080000000, 0x0000000100000000)
  region size 1024K, 56 young (57344K), 8 survivors (8192K)
 Metaspace       used 91091K, committed 91776K, reserved 1130496K
  class space    used 12321K, committed 12672K, reserved 1048576K
}
Event: 7.696 GC heap after
{Heap after GC invocations=31 (full 0):
 garbage-first heap   total 150528K, used 78828K [0x0000000080000000, 0x0000000100000000)
  region size 1024K, 7 young (7168K), 7 survivors (7168K)
 Metaspace       used 91091K, committed 91776K, reserved 1130496K
  class space    used 12321K, committed 12672K, reserved 1048576K
}
Event: 7.699 GC heap before
{Heap before GC invocations=31 (full 0):
 garbage-first heap   total 150528K, used 78828K [0x0000000080000000, 0x0000000100000000)
  region size 1024K, 9 young (9216K), 7 survivors (7168K)
 Metaspace       used 91120K, committed 91840K, reserved 1130496K
  class space    used 12324K, committed 12672K, reserved 1048576K
}
Event: 7.702 GC heap after
{Heap after GC invocations=32 (full 0):
 garbage-first heap   total 150528K, used 81174K [0x0000000080000000, 0x0000000100000000)
  region size 1024K, 2 young (2048K), 2 survivors (2048K)
 Metaspace       used 91120K, committed 91840K, reserved 1130496K
  class space    used 12324K, committed 12672K, reserved 1048576K
}
Event: 8.076 GC heap before
{Heap before GC invocations=33 (full 0):
 garbage-first heap   total 150528K, used 120086K [0x0000000080000000, 0x0000000100000000)
  region size 1024K, 40 young (40960K), 2 survivors (2048K)
 Metaspace       used 94079K, committed 94720K, reserved 1138688K
  class space    used 12760K, committed 13056K, reserved 1048576K
}
Event: 8.080 GC heap after
{Heap after GC invocations=34 (full 0):
 garbage-first heap   total 150528K, used 85903K [0x0000000080000000, 0x0000000100000000)
  region size 1024K, 5 young (5120K), 5 survivors (5120K)
 Metaspace       used 94079K, committed 94720K, reserved 1138688K
  class space    used 12760K, committed 13056K, reserved 1048576K
}
Event: 8.085 GC heap before
{Heap before GC invocations=34 (full 0):
 garbage-first heap   total 150528K, used 86927K [0x0000000080000000, 0x0000000100000000)
  region size 1024K, 7 young (7168K), 5 survivors (5120K)
 Metaspace       used 94083K, committed 94720K, reserved 1138688K
  class space    used 12760K, committed 13056K, reserved 1048576K
}
Event: 8.088 GC heap after
{Heap after GC invocations=35 (full 0):
 garbage-first heap   total 181248K, used 86290K [0x0000000080000000, 0x0000000100000000)
  region size 1024K, 1 young (1024K), 1 survivors (1024K)
 Metaspace       used 94083K, committed 94720K, reserved 1138688K
  class space    used 12760K, committed 13056K, reserved 1048576K
}
Event: 8.237 GC heap before
{Heap before GC invocations=35 (full 0):
 garbage-first heap   total 181248K, used 143634K [0x0000000080000000, 0x0000000100000000)
  region size 1024K, 57 young (58368K), 1 survivors (1024K)
 Metaspace       used 94247K, committed 94976K, reserved 1138688K
  class space    used 12765K, committed 13120K, reserved 1048576K
}
Event: 8.240 GC heap after
{Heap after GC invocations=36 (full 0):
 garbage-first heap   total 181248K, used 89575K [0x0000000080000000, 0x0000000100000000)
  region size 1024K, 5 young (5120K), 5 survivors (5120K)
 Metaspace       used 94247K, committed 94976K, reserved 1138688K
  class space    used 12765K, committed 13120K, reserved 1048576K
}
Event: 8.499 GC heap before
{Heap before GC invocations=37 (full 0):
 garbage-first heap   total 181248K, used 142823K [0x0000000080000000, 0x0000000100000000)
  region size 1024K, 58 young (59392K), 5 survivors (5120K)
 Metaspace       used 94741K, committed 95424K, reserved 1138688K
  class space    used 12799K, committed 13120K, reserved 1048576K
}
Event: 8.503 GC heap after
{Heap after GC invocations=38 (full 0):
 garbage-first heap   total 181248K, used 93285K [0x0000000080000000, 0x0000000100000000)
  region size 1024K, 8 young (8192K), 8 survivors (8192K)
 Metaspace       used 94741K, committed 95424K, reserved 1138688K
  class space    used 12799K, committed 13120K, reserved 1048576K
}
Event: 8.506 GC heap before
{Heap before GC invocations=38 (full 0):
 garbage-first heap   total 181248K, used 94309K [0x0000000080000000, 0x0000000100000000)
  region size 1024K, 9 young (9216K), 8 survivors (8192K)
 Metaspace       used 94745K, committed 95424K, reserved 1138688K
  class space    used 12799K, committed 13120K, reserved 1048576K
}
Event: 8.510 GC heap after
{Heap after GC invocations=39 (full 0):
 garbage-first heap   total 181248K, used 91744K [0x0000000080000000, 0x0000000100000000)
  region size 1024K, 2 young (2048K), 2 survivors (2048K)
 Metaspace       used 94745K, committed 95424K, reserved 1138688K
  class space    used 12799K, committed 13120K, reserved 1048576K
}
Event: 8.735 GC heap before
{Heap before GC invocations=39 (full 0):
 garbage-first heap   total 181248K, used 143968K [0x0000000080000000, 0x0000000100000000)
  region size 1024K, 54 young (55296K), 2 survivors (2048K)
 Metaspace       used 95392K, committed 96064K, reserved 1138688K
  class space    used 12882K, committed 13184K, reserved 1048576K
}
Event: 8.738 GC heap after
{Heap after GC invocations=40 (full 0):
 garbage-first heap   total 181248K, used 95857K [0x0000000080000000, 0x0000000100000000)
  region size 1024K, 6 young (6144K), 6 survivors (6144K)
 Metaspace       used 95392K, committed 96064K, reserved 1138688K
  class space    used 12882K, committed 13184K, reserved 1048576K
}
Event: 8.959 GC heap before
{Heap before GC invocations=41 (full 0):
 garbage-first heap   total 181248K, used 145009K [0x0000000080000000, 0x0000000100000000)
  region size 1024K, 55 young (56320K), 6 survivors (6144K)
 Metaspace       used 97273K, committed 97920K, reserved 1138688K
  class space    used 13125K, committed 13440K, reserved 1048576K
}
Event: 8.964 GC heap after
{Heap after GC invocations=42 (full 0):
 garbage-first heap   total 181248K, used 99628K [0x0000000080000000, 0x0000000100000000)
  region size 1024K, 6 young (6144K), 6 survivors (6144K)
 Metaspace       used 97273K, committed 97920K, reserved 1138688K
  class space    used 13125K, committed 13440K, reserved 1048576K
}
Event: 8.974 GC heap before
{Heap before GC invocations=42 (full 0):
 garbage-first heap   total 181248K, used 101676K [0x0000000080000000, 0x0000000100000000)
  region size 1024K, 8 young (8192K), 6 survivors (6144K)
 Metaspace       used 97475K, committed 98112K, reserved 1138688K
  class space    used 13146K, committed 13440K, reserved 1048576K
}

