# JRE version: OpenJDK Runtime Environment (17.0.6) (build 17.0.6+0-b2043.56-10027231)
# Java VM: OpenJDK 64-Bit Server VM (17.0.6+0-b2043.56-10027231, mixed mode, tiered, compressed oops, compressed class ptrs, g1 gc, windows-amd64)
GC Precious Log:
 CPUs: 8 total, 8 available
 Memory: 16179M
 Large Page Support: Disabled
 NUMA Support: Disabled
 Compressed Oops: Enabled (32-bit)
 Heap Region Size: 1M
 Heap Min Capacity: 8M
 Heap Initial Capacity: 254M
 Heap Max Capacity: 2G
 Pre-touch: Disabled
 Parallel Workers: 8
 Concurrent Workers: 2
 Concurrent Refinement Workers: 8
 Periodic GC: Disabled
Heap:
 garbage-first heap   total 459776K, used 318173K [0x0000000080000000, 0x0000000100000000)
  region size 1024K, 137 young (140288K), 26 survivors (26624K)
 Metaspace       used 121037K, committed 121792K, reserved 1155072K
  class space    used 16445K, committed 16832K, reserved 1048576K
GC Heap History (20 events):
Event: 11.531 GC heap before
{Heap before GC invocations=45 (full 0):
 garbage-first heap   total 391168K, used 324074K [0x0000000080000000, 0x0000000100000000)
  region size 1024K, 181 young (185344K), 17 survivors (17408K)
 Metaspace       used 118008K, committed 118720K, reserved 1155072K
  class space    used 16235K, committed 16576K, reserved 1048576K
}
Event: 11.540 GC heap after
{Heap after GC invocations=46 (full 0):
 garbage-first heap   total 391168K, used 155966K [0x0000000080000000, 0x0000000100000000)
  region size 1024K, 8 young (8192K), 8 survivors (8192K)
 Metaspace       used 118008K, committed 118720K, reserved 1155072K
  class space    used 16235K, committed 16576K, reserved 1048576K
}
Event: 11.943 GC heap before
{Heap before GC invocations=46 (full 0):
 garbage-first heap   total 391168K, used 327998K [0x0000000080000000, 0x0000000100000000)
  region size 1024K, 176 young (180224K), 8 survivors (8192K)
 Metaspace       used 118979K, committed 119680K, reserved 1155072K
  class space    used 16371K, committed 16704K, reserved 1048576K
}
Event: 11.950 GC heap after
{Heap after GC invocations=47 (full 0):
 garbage-first heap   total 391168K, used 159483K [0x0000000080000000, 0x0000000100000000)
  region size 1024K, 11 young (11264K), 11 survivors (11264K)
 Metaspace       used 118979K, committed 119680K, reserved 1155072K
  class space    used 16371K, committed 16704K, reserved 1048576K
}
Event: 12.259 GC heap before
{Heap before GC invocations=47 (full 0):
 garbage-first heap   total 391168K, used 328443K [0x0000000080000000, 0x0000000100000000)
  region size 1024K, 177 young (181248K), 11 survivors (11264K)
 Metaspace       used 119173K, committed 120000K, reserved 1155072K
  class space    used 16381K, committed 16768K, reserved 1048576K
}
Event: 12.267 GC heap after
{Heap after GC invocations=48 (full 0):
 garbage-first heap   total 391168K, used 162458K [0x0000000080000000, 0x0000000100000000)
  region size 1024K, 14 young (14336K), 14 survivors (14336K)
 Metaspace       used 119173K, committed 120000K, reserved 1155072K
  class space    used 16381K, committed 16768K, reserved 1048576K
}
Event: 12.601 GC heap before
{Heap before GC invocations=48 (full 0):
 garbage-first heap   total 391168K, used 331418K [0x0000000080000000, 0x0000000100000000)
  region size 1024K, 180 young (184320K), 14 survivors (14336K)
 Metaspace       used 119844K, committed 120640K, reserved 1155072K
  class space    used 16384K, committed 16768K, reserved 1048576K
}
Event: 12.607 GC heap after
{Heap after GC invocations=49 (full 0):
 garbage-first heap   total 391168K, used 162472K [0x0000000080000000, 0x0000000100000000)
  region size 1024K, 9 young (9216K), 9 survivors (9216K)
 Metaspace       used 119844K, committed 120640K, reserved 1155072K
  class space    used 16384K, committed 16768K, reserved 1048576K
}
Event: 12.810 GC heap before
{Heap before GC invocations=49 (full 0):
 garbage-first heap   total 391168K, used 333480K [0x0000000080000000, 0x0000000100000000)
  region size 1024K, 177 young (181248K), 9 survivors (9216K)
 Metaspace       used 120160K, committed 120896K, reserved 1155072K
  class space    used 16417K, committed 16768K, reserved 1048576K
}
Event: 12.815 GC heap after
{Heap after GC invocations=50 (full 0):
 garbage-first heap   total 391168K, used 165433K [0x0000000080000000, 0x0000000100000000)
  region size 1024K, 12 young (12288K), 12 survivors (12288K)
 Metaspace       used 120160K, committed 120896K, reserved 1155072K
  class space    used 16417K, committed 16768K, reserved 1048576K
}
Event: 12.995 GC heap before
{Heap before GC invocations=50 (full 0):
 garbage-first heap   total 391168K, used 333369K [0x0000000080000000, 0x0000000100000000)
  region size 1024K, 177 young (181248K), 12 survivors (12288K)
 Metaspace       used 120431K, committed 121216K, reserved 1155072K
  class space    used 16422K, committed 16768K, reserved 1048576K
}
Event: 13.003 GC heap after
{Heap after GC invocations=51 (full 0):
 garbage-first heap   total 391168K, used 170158K [0x0000000080000000, 0x0000000100000000)
  region size 1024K, 17 young (17408K), 17 survivors (17408K)
 Metaspace       used 120431K, committed 121216K, reserved 1155072K
  class space    used 16422K, committed 16768K, reserved 1048576K
}
Event: 13.194 GC heap before
{Heap before GC invocations=51 (full 0):
 garbage-first heap   total 391168K, used 330926K [0x0000000080000000, 0x0000000100000000)
  region size 1024K, 175 young (179200K), 17 survivors (17408K)
 Metaspace       used 120615K, committed 121472K, reserved 1155072K
  class space    used 16433K, committed 16832K, reserved 1048576K
}
Event: 13.203 GC heap after
{Heap after GC invocations=52 (full 0):
 garbage-first heap   total 391168K, used 175839K [0x0000000080000000, 0x0000000100000000)
  region size 1024K, 17 young (17408K), 17 survivors (17408K)
 Metaspace       used 120615K, committed 121472K, reserved 1155072K
  class space    used 16433K, committed 16832K, reserved 1048576K
}
Event: 13.352 GC heap before
{Heap before GC invocations=52 (full 0):
 garbage-first heap   total 391168K, used 330463K [0x0000000080000000, 0x0000000100000000)
  region size 1024K, 168 young (172032K), 17 survivors (17408K)
 Metaspace       used 120819K, committed 121664K, reserved 1155072K
  class space    used 16442K, committed 16832K, reserved 1048576K
}
Event: 13.361 GC heap after
{Heap after GC invocations=53 (full 0):
 garbage-first heap   total 391168K, used 181190K [0x0000000080000000, 0x0000000100000000)
  region size 1024K, 15 young (15360K), 15 survivors (15360K)
 Metaspace       used 120819K, committed 121664K, reserved 1155072K
  class space    used 16442K, committed 16832K, reserved 1048576K
}
Event: 13.494 GC heap before
{Heap before GC invocations=53 (full 0):
 garbage-first heap   total 391168K, used 330694K [0x0000000080000000, 0x0000000100000000)
  region size 1024K, 160 young (163840K), 15 survivors (15360K)
 Metaspace       used 120897K, committed 121664K, reserved 1155072K
  class space    used 16443K, committed 16832K, reserved 1048576K
}
Event: 13.505 GC heap after
{Heap after GC invocations=54 (full 0):
 garbage-first heap   total 459776K, used 190953K [0x0000000080000000, 0x0000000100000000)
  region size 1024K, 17 young (17408K), 17 survivors (17408K)
 Metaspace       used 120897K, committed 121664K, reserved 1155072K
  class space    used 16443K, committed 16832K, reserved 1048576K
}
Event: 13.673 GC heap before
{Heap before GC invocations=54 (full 0):
 garbage-first heap   total 459776K, used 378345K [0x0000000080000000, 0x0000000100000000)
  region size 1024K, 201 young (205824K), 17 survivors (17408K)
 Metaspace       used 120989K, committed 121792K, reserved 1155072K
  class space    used 16443K, committed 16832K, reserved 1048576K
}
Event: 13.685 GC heap after
{Heap after GC invocations=55 (full 0):
 garbage-first heap   total 459776K, used 205533K [0x0000000080000000, 0x0000000100000000)
  region size 1024K, 26 young (26624K), 26 survivors (26624K)
 Metaspace       used 120989K, committed 121792K, reserved 1155072K
  class space    used 16443K, committed 16832K, reserved 1048576K
}

