# JRE version: OpenJDK Runtime Environment (17.0.6) (build 17.0.6+0-b2043.56-10027231)
# Java VM: OpenJDK 64-Bit Server VM (17.0.6+0-b2043.56-10027231, mixed mode, tiered, compressed oops, compressed class ptrs, g1 gc, windows-amd64)
GC Precious Log:
 CPUs: 8 total, 8 available
 Memory: 16179M
 Large Page Support: Disabled
 NUMA Support: Disabled
 Compressed Oops: Enabled (32-bit)
 Heap Region Size: 1M
 Heap Min Capacity: 8M
 Heap Initial Capacity: 254M
 Heap Max Capacity: 2G
 Pre-touch: Disabled
 Parallel Workers: 8
 Concurrent Workers: 2
 Concurrent Refinement Workers: 8
 Periodic GC: Disabled
Heap:
 garbage-first heap   total 280576K, used 159843K [0x0000000080000000, 0x0000000100000000)
  region size 1024K, 3 young (3072K), 3 survivors (3072K)
 Metaspace       used 111885K, committed 112640K, reserved 1146880K
  class space    used 14540K, committed 14912K, reserved 1048576K
GC Heap History (20 events):
Event: 11.434 GC heap after
{Heap after GC invocations=52 (full 0):
 garbage-first heap   total 280576K, used 159744K [0x0000000080000000, 0x0000000100000000)
  region size 1024K, 2 young (2048K), 2 survivors (2048K)
 Metaspace       used 102619K, committed 103296K, reserved 1138688K
  class space    used 13658K, committed 14016K, reserved 1048576K
}
Event: 11.639 GC heap before
{Heap before GC invocations=52 (full 0):
 garbage-first heap   total 280576K, used 224256K [0x0000000080000000, 0x0000000100000000)
  region size 1024K, 56 young (57344K), 2 survivors (2048K)
 Metaspace       used 104627K, committed 105408K, reserved 1146880K
  class space    used 13838K, committed 14208K, reserved 1048576K
}
Event: 11.643 GC heap after
{Heap after GC invocations=53 (full 0):
 garbage-first heap   total 280576K, used 165129K [0x0000000080000000, 0x0000000100000000)
  region size 1024K, 7 young (7168K), 7 survivors (7168K)
 Metaspace       used 104627K, committed 105408K, reserved 1146880K
  class space    used 13838K, committed 14208K, reserved 1048576K
}
Event: 11.856 GC heap before
{Heap before GC invocations=53 (full 0):
 garbage-first heap   total 280576K, used 216329K [0x0000000080000000, 0x0000000100000000)
  region size 1024K, 58 young (59392K), 7 survivors (7168K)
 Metaspace       used 106383K, committed 107136K, reserved 1146880K
  class space    used 13979K, committed 14336K, reserved 1048576K
}
Event: 11.861 GC heap after
{Heap after GC invocations=54 (full 0):
 garbage-first heap   total 280576K, used 169221K [0x0000000080000000, 0x0000000100000000)
  region size 1024K, 4 young (4096K), 4 survivors (4096K)
 Metaspace       used 106383K, committed 107136K, reserved 1146880K
  class space    used 13979K, committed 14336K, reserved 1048576K
}
Event: 12.045 GC heap before
{Heap before GC invocations=54 (full 0):
 garbage-first heap   total 280576K, used 222469K [0x0000000080000000, 0x0000000100000000)
  region size 1024K, 56 young (57344K), 4 survivors (4096K)
 Metaspace       used 107355K, committed 108032K, reserved 1146880K
  class space    used 14062K, committed 14400K, reserved 1048576K
}
Event: 12.050 GC heap after
{Heap after GC invocations=55 (full 0):
 garbage-first heap   total 280576K, used 173796K [0x0000000080000000, 0x0000000100000000)
  region size 1024K, 7 young (7168K), 7 survivors (7168K)
 Metaspace       used 107355K, committed 108032K, reserved 1146880K
  class space    used 14062K, committed 14400K, reserved 1048576K
}
Event: 12.359 GC heap before
{Heap before GC invocations=55 (full 0):
 garbage-first heap   total 280576K, used 227044K [0x0000000080000000, 0x0000000100000000)
  region size 1024K, 58 young (59392K), 7 survivors (7168K)
 Metaspace       used 108251K, committed 108992K, reserved 1146880K
  class space    used 14145K, committed 14528K, reserved 1048576K
}
Event: 12.363 GC heap after
{Heap after GC invocations=56 (full 0):
 garbage-first heap   total 280576K, used 174322K [0x0000000080000000, 0x0000000100000000)
  region size 1024K, 3 young (3072K), 3 survivors (3072K)
 Metaspace       used 108251K, committed 108992K, reserved 1146880K
  class space    used 14145K, committed 14528K, reserved 1048576K
}
Event: 13.389 GC heap before
{Heap before GC invocations=56 (full 0):
 garbage-first heap   total 280576K, used 228594K [0x0000000080000000, 0x0000000100000000)
  region size 1024K, 57 young (58368K), 3 survivors (3072K)
 Metaspace       used 108929K, committed 109696K, reserved 1146880K
  class space    used 14211K, committed 14592K, reserved 1048576K
}
Event: 13.392 GC heap after
{Heap after GC invocations=57 (full 0):
 garbage-first heap   total 280576K, used 175601K [0x0000000080000000, 0x0000000100000000)
  region size 1024K, 5 young (5120K), 5 survivors (5120K)
 Metaspace       used 108929K, committed 109696K, reserved 1146880K
  class space    used 14211K, committed 14592K, reserved 1048576K
}
Event: 14.943 GC heap before
{Heap before GC invocations=57 (full 0):
 garbage-first heap   total 280576K, used 230897K [0x0000000080000000, 0x0000000100000000)
  region size 1024K, 60 young (61440K), 5 survivors (5120K)
 Metaspace       used 110055K, committed 110848K, reserved 1146880K
  class space    used 14333K, committed 14720K, reserved 1048576K
}
Event: 14.948 GC heap after
{Heap after GC invocations=58 (full 0):
 garbage-first heap   total 280576K, used 179680K [0x0000000080000000, 0x0000000100000000)
  region size 1024K, 8 young (8192K), 8 survivors (8192K)
 Metaspace       used 110055K, committed 110848K, reserved 1146880K
  class space    used 14333K, committed 14720K, reserved 1048576K
}
Event: 15.337 GC heap before
{Heap before GC invocations=58 (full 0):
 garbage-first heap   total 280576K, used 231904K [0x0000000080000000, 0x0000000100000000)
  region size 1024K, 60 young (61440K), 8 survivors (8192K)
 Metaspace       used 111502K, committed 112256K, reserved 1146880K
  class space    used 14499K, committed 14848K, reserved 1048576K
}
Event: 15.342 GC heap after
{Heap after GC invocations=59 (full 0):
 garbage-first heap   total 280576K, used 184021K [0x0000000080000000, 0x0000000100000000)
  region size 1024K, 6 young (6144K), 6 survivors (6144K)
 Metaspace       used 111502K, committed 112256K, reserved 1146880K
  class space    used 14499K, committed 14848K, reserved 1048576K
}
Event: 15.625 GC heap before
{Heap before GC invocations=59 (full 0):
 garbage-first heap   total 280576K, used 235221K [0x0000000080000000, 0x0000000100000000)
  region size 1024K, 55 young (56320K), 6 survivors (6144K)
 Metaspace       used 111882K, committed 112640K, reserved 1146880K
  class space    used 14540K, committed 14912K, reserved 1048576K
}
Event: 15.629 GC heap after
{Heap after GC invocations=60 (full 0):
 garbage-first heap   total 280576K, used 187079K [0x0000000080000000, 0x0000000100000000)
  region size 1024K, 4 young (4096K), 4 survivors (4096K)
 Metaspace       used 111882K, committed 112640K, reserved 1146880K
  class space    used 14540K, committed 14912K, reserved 1048576K
}
Event: 15.710 GC heap before
{Heap before GC invocations=60 (full 0):
 garbage-first heap   total 280576K, used 241351K [0x0000000080000000, 0x0000000100000000)
  region size 1024K, 52 young (53248K), 4 survivors (4096K)
 Metaspace       used 111882K, committed 112640K, reserved 1146880K
  class space    used 14540K, committed 14912K, reserved 1048576K
}
Event: 15.713 GC heap after
{Heap after GC invocations=61 (full 0):
 garbage-first heap   total 280576K, used 191706K [0x0000000080000000, 0x0000000100000000)
  region size 1024K, 7 young (7168K), 7 survivors (7168K)
 Metaspace       used 111882K, committed 112640K, reserved 1146880K
  class space    used 14540K, committed 14912K, reserved 1048576K
}
Event: 15.760 GC heap before
{Heap before GC invocations=61 (full 0):
 garbage-first heap   total 280576K, used 202970K [0x0000000080000000, 0x0000000100000000)
  region size 1024K, 52 young (53248K), 7 survivors (7168K)
 Metaspace       used 111885K, committed 112640K, reserved 1146880K
  class space    used 14540K, committed 14912K, reserved 1048576K
}

